2024-10-17 21:26:50,520:ERROR:Error accessing C:\Users\Mrunmai\AppData\Local\Packages\AD2F1837.OMENCommandCenter_v10z8vjag6ke6\LocalCache\Local\HPOmenServices\omen_ms.db-journal: [Errno 2] No such file or directory: 'C:\\Users\\Mrunmai\\AppData\\Local\\Packages\\AD2F1837.OMENCommandCenter_v10z8vjag6ke6\\LocalCache\\Local\\HPOmenServices\\omen_ms.db-journal'
2024-10-17 21:26:55,925:ERROR:Error accessing C:\Windows\prefetch\CHECKFINAL.EXE-5450B4D4.pf: [Errno 13] Permission denied: 'C:\\Windows\\prefetch\\CHECKFINAL.EXE-5450B4D4.pf'
2024-10-17 21:26:55,925:ERROR:Error accessing C:\Windows\prefetch\CHECKFINAL.EXE-5450B4D4.pf: [Errno 13] Permission denied: 'C:\\Windows\\prefetch\\CHECKFINAL.EXE-5450B4D4.pf'
2024-10-17 21:26:57,428:ERROR:Error accessing C:\Windows\prefetch\CHECKFINAL.EXE-5450B4D4.pf: [Errno 13] Permission denied: 'C:\\Windows\\prefetch\\CHECKFINAL.EXE-5450B4D4.pf'
2024-10-17 21:26:57,429:ERROR:Error accessing C:\ProgramData\Microsoft\Windows Defender\Scans\mpenginedb.db: [Errno 13] Permission denied: 'C:\\ProgramData\\Microsoft\\Windows Defender\\Scans\\mpenginedb.db'
2024-10-17 21:26:57,429:ERROR:Error accessing C:\ProgramData\Microsoft\Windows Defender\Scans\mpenginedb.db: [Errno 13] Permission denied: 'C:\\ProgramData\\Microsoft\\Windows Defender\\Scans\\mpenginedb.db'
2024-10-17 21:26:57,430:ERROR:Error accessing C:\ProgramData\Microsoft\Windows Defender\Scans\mpenginedb.db-wal: [Errno 13] Permission denied: 'C:\\ProgramData\\Microsoft\\Windows Defender\\Scans\\mpenginedb.db-wal'
2024-10-17 21:26:57,430:ERROR:Error accessing C:\ProgramData\Microsoft\Windows Defender\Scans\mpenginedb.db-wal: [Errno 13] Permission denied: 'C:\\ProgramData\\Microsoft\\Windows Defender\\Scans\\mpenginedb.db-wal'
2024-10-17 21:27:05,069:ERROR:Error accessing C:\Windows\prefetch\TEST15.EXE-FB4F00D2.pf: [Errno 13] Permission denied: 'C:\\Windows\\prefetch\\TEST15.EXE-FB4F00D2.pf'
2024-10-17 21:27:05,069:ERROR:Error accessing C:\Windows\prefetch\TEST15.EXE-FB4F00D2.pf: [Errno 13] Permission denied: 'C:\\Windows\\prefetch\\TEST15.EXE-FB4F00D2.pf'
2024-10-17 21:27:05,069:ERROR:Error accessing C:\Windows\prefetch\TEST15.EXE-FB4F00D2.pf: [Errno 13] Permission denied: 'C:\\Windows\\prefetch\\TEST15.EXE-FB4F00D2.pf'
2024-10-17 21:27:05,069:ERROR:Error accessing C:\Windows\prefetch\TEST15.EXE-FB4F00D2.pf: [Errno 13] Permission denied: 'C:\\Windows\\prefetch\\TEST15.EXE-FB4F00D2.pf'
2024-10-17 21:27:05,798:ERROR:Error accessing C:\Windows\prefetch\TEST15.EXE-FB4F00D2.pf: [Errno 13] Permission denied: 'C:\\Windows\\prefetch\\TEST15.EXE-FB4F00D2.pf'
2024-10-17 21:27:05,798:ERROR:Error accessing C:\Windows\prefetch\TEST15.EXE-FB4F00D2.pf: [Errno 13] Permission denied: 'C:\\Windows\\prefetch\\TEST15.EXE-FB4F00D2.pf'
2024-10-17 21:27:05,798:ERROR:Error accessing C:\Windows\prefetch\TEST15.EXE-FB4F00D2.pf: [Errno 13] Permission denied: 'C:\\Windows\\prefetch\\TEST15.EXE-FB4F00D2.pf'
2024-10-17 21:27:05,798:ERROR:Error accessing C:\Windows\prefetch\TEST15.EXE-FB4F00D2.pf: [Errno 13] Permission denied: 'C:\\Windows\\prefetch\\TEST15.EXE-FB4F00D2.pf'
2024-10-17 21:27:06,629:ERROR:Error accessing C:\Windows\prefetch\CHECKFINAL.EXE-5450B4D4.pf: [Errno 13] Permission denied: 'C:\\Windows\\prefetch\\CHECKFINAL.EXE-5450B4D4.pf'
2024-10-17 21:27:06,629:ERROR:Error accessing C:\Windows\prefetch\CHECKFINAL.EXE-5450B4D4.pf: [Errno 13] Permission denied: 'C:\\Windows\\prefetch\\CHECKFINAL.EXE-5450B4D4.pf'
2024-10-17 21:27:06,629:ERROR:Error accessing C:\Windows\prefetch\CHECKFINAL.EXE-5450B4D4.pf: [Errno 13] Permission denied: 'C:\\Windows\\prefetch\\CHECKFINAL.EXE-5450B4D4.pf'
2024-10-17 21:27:06,632:ERROR:Error accessing C:\Windows\prefetch\CHECKFINAL.EXE-5450B4D4.pf: [Errno 13] Permission denied: 'C:\\Windows\\prefetch\\CHECKFINAL.EXE-5450B4D4.pf'
2024-10-17 21:27:07,371:ERROR:Error accessing C:\Windows\prefetch\CHECKFINAL.EXE-5450B4D4.pf: [Errno 13] Permission denied: 'C:\\Windows\\prefetch\\CHECKFINAL.EXE-5450B4D4.pf'
2024-10-17 21:27:07,371:ERROR:Error accessing C:\Windows\prefetch\CHECKFINAL.EXE-5450B4D4.pf: [Errno 13] Permission denied: 'C:\\Windows\\prefetch\\CHECKFINAL.EXE-5450B4D4.pf'
2024-10-17 21:27:07,929:ERROR:Error accessing C:\ProgramData\HP\HP Touchpoint Analytics Client\Provider Data\SystemStateMonitor\2024101721\4e0cd1bd-c2be-4ccb-ab5f-9d6af75a977f.csv: [Errno 13] Permission denied: 'C:\\ProgramData\\HP\\HP Touchpoint Analytics Client\\Provider Data\\SystemStateMonitor\\2024101721\\4e0cd1bd-c2be-4ccb-ab5f-9d6af75a977f.csv'
2024-10-17 21:27:10,080:ERROR:Error accessing C:\ProgramData\Microsoft\Diagnosis\EventStore.db-wal: [Errno 13] Permission denied: 'C:\\ProgramData\\Microsoft\\Diagnosis\\EventStore.db-wal'
2024-10-17 21:27:10,080:ERROR:Error accessing C:\ProgramData\Microsoft\Diagnosis\EventStore.db-wal: [Errno 13] Permission denied: 'C:\\ProgramData\\Microsoft\\Diagnosis\\EventStore.db-wal'
2024-10-17 21:27:10,081:ERROR:Error accessing C:\ProgramData\Microsoft\Diagnosis\EventStore.db-wal: [Errno 13] Permission denied: 'C:\\ProgramData\\Microsoft\\Diagnosis\\EventStore.db-wal'
2024-10-17 21:27:10,082:ERROR:Error accessing C:\ProgramData\Microsoft\Diagnosis\EventStore.db-wal: [Errno 13] Permission denied: 'C:\\ProgramData\\Microsoft\\Diagnosis\\EventStore.db-wal'
2024-10-17 21:27:10,082:ERROR:Error accessing C:\ProgramData\Microsoft\Diagnosis\EventStore.db-wal: [Errno 13] Permission denied: 'C:\\ProgramData\\Microsoft\\Diagnosis\\EventStore.db-wal'
2024-10-17 21:27:10,082:ERROR:Error accessing C:\ProgramData\Microsoft\Diagnosis\EventStore.db-wal: [Errno 13] Permission denied: 'C:\\ProgramData\\Microsoft\\Diagnosis\\EventStore.db-wal'
2024-10-17 21:27:10,083:ERROR:Error accessing C:\ProgramData\Microsoft\Diagnosis\EventStore.db-wal: [Errno 13] Permission denied: 'C:\\ProgramData\\Microsoft\\Diagnosis\\EventStore.db-wal'
2024-10-17 21:27:10,083:ERROR:Error accessing C:\ProgramData\Microsoft\Diagnosis\EventStore.db-wal: [Errno 13] Permission denied: 'C:\\ProgramData\\Microsoft\\Diagnosis\\EventStore.db-wal'
2024-10-17 21:27:10,083:ERROR:Error accessing C:\ProgramData\Microsoft\Diagnosis\EventStore.db-wal: [Errno 13] Permission denied: 'C:\\ProgramData\\Microsoft\\Diagnosis\\EventStore.db-wal'
2024-10-17 21:27:19,554:ERROR:Error accessing C:\Windows\prefetch\CHROME.EXE-AED7BA3C.pf: [Errno 13] Permission denied: 'C:\\Windows\\prefetch\\CHROME.EXE-AED7BA3C.pf'
2024-10-17 21:27:19,554:ERROR:Error accessing C:\Windows\prefetch\CHROME.EXE-AED7BA3C.pf: [Errno 13] Permission denied: 'C:\\Windows\\prefetch\\CHROME.EXE-AED7BA3C.pf'
2024-10-17 21:27:19,554:ERROR:Error accessing C:\Windows\prefetch\CHROME.EXE-AED7BA3C.pf: [Errno 13] Permission denied: 'C:\\Windows\\prefetch\\CHROME.EXE-AED7BA3C.pf'
2024-10-17 21:27:19,554:ERROR:Error accessing C:\Windows\prefetch\CHROME.EXE-AED7BA3C.pf: [Errno 13] Permission denied: 'C:\\Windows\\prefetch\\CHROME.EXE-AED7BA3C.pf'
2024-10-17 21:27:19,573:ERROR:Error accessing C:\Windows\prefetch\CHROME.EXE-AED7BA40.pf: [Errno 13] Permission denied: 'C:\\Windows\\prefetch\\CHROME.EXE-AED7BA40.pf'
2024-10-17 21:27:19,573:ERROR:Error accessing C:\Windows\prefetch\CHROME.EXE-AED7BA40.pf: [Errno 13] Permission denied: 'C:\\Windows\\prefetch\\CHROME.EXE-AED7BA40.pf'
2024-10-17 21:27:19,576:ERROR:Error accessing C:\Windows\prefetch\CHROME.EXE-AED7BA40.pf: [Errno 13] Permission denied: 'C:\\Windows\\prefetch\\CHROME.EXE-AED7BA40.pf'
2024-10-17 21:27:19,576:ERROR:Error accessing C:\Windows\prefetch\CHROME.EXE-AED7BA40.pf: [Errno 13] Permission denied: 'C:\\Windows\\prefetch\\CHROME.EXE-AED7BA40.pf'
2024-10-17 21:27:19,642:ERROR:Error accessing C:\Users\Mrunmai\AppData\Local\Temp\7e3d13c4-060d-4b8e-b834-b11866927537.tmp: [Errno 13] Permission denied: 'C:\\Users\\Mrunmai\\AppData\\Local\\Temp\\7e3d13c4-060d-4b8e-b834-b11866927537.tmp'
2024-10-17 21:27:19,644:ERROR:Error accessing C:\Users\Mrunmai\AppData\Local\Temp\7e3d13c4-060d-4b8e-b834-b11866927537.tmp: [Errno 13] Permission denied: 'C:\\Users\\Mrunmai\\AppData\\Local\\Temp\\7e3d13c4-060d-4b8e-b834-b11866927537.tmp'
2024-10-17 21:27:19,644:ERROR:Error accessing C:\Users\Mrunmai\AppData\Local\Temp\7e3d13c4-060d-4b8e-b834-b11866927537.tmp: [Errno 13] Permission denied: 'C:\\Users\\Mrunmai\\AppData\\Local\\Temp\\7e3d13c4-060d-4b8e-b834-b11866927537.tmp'
2024-10-17 21:27:19,646:ERROR:Error accessing C:\Users\Mrunmai\AppData\Local\Temp\7e3d13c4-060d-4b8e-b834-b11866927537.tmp: [Errno 13] Permission denied: 'C:\\Users\\Mrunmai\\AppData\\Local\\Temp\\7e3d13c4-060d-4b8e-b834-b11866927537.tmp'
2024-10-17 21:27:19,668:ERROR:Error accessing C:\Users\Mrunmai\AppData\Local\Temp\243f8a84-989a-45f4-8e82-8ad1ad426406.tmp: [Errno 13] Permission denied: 'C:\\Users\\Mrunmai\\AppData\\Local\\Temp\\243f8a84-989a-45f4-8e82-8ad1ad426406.tmp'
2024-10-17 21:27:19,668:ERROR:Error accessing C:\Users\Mrunmai\AppData\Local\Temp\243f8a84-989a-45f4-8e82-8ad1ad426406.tmp: [Errno 13] Permission denied: 'C:\\Users\\Mrunmai\\AppData\\Local\\Temp\\243f8a84-989a-45f4-8e82-8ad1ad426406.tmp'
2024-10-17 21:27:19,668:ERROR:Error accessing C:\Users\Mrunmai\AppData\Local\Temp\243f8a84-989a-45f4-8e82-8ad1ad426406.tmp: [Errno 13] Permission denied: 'C:\\Users\\Mrunmai\\AppData\\Local\\Temp\\243f8a84-989a-45f4-8e82-8ad1ad426406.tmp'
2024-10-17 21:27:19,668:ERROR:Error accessing C:\Users\Mrunmai\AppData\Local\Temp\243f8a84-989a-45f4-8e82-8ad1ad426406.tmp: [Errno 13] Permission denied: 'C:\\Users\\Mrunmai\\AppData\\Local\\Temp\\243f8a84-989a-45f4-8e82-8ad1ad426406.tmp'
2024-10-17 21:27:19,669:ERROR:Error accessing C:\Users\Mrunmai\AppData\Local\Temp\243f8a84-989a-45f4-8e82-8ad1ad426406.tmp: [Errno 13] Permission denied: 'C:\\Users\\Mrunmai\\AppData\\Local\\Temp\\243f8a84-989a-45f4-8e82-8ad1ad426406.tmp'
2024-10-17 21:27:19,669:ERROR:Error accessing C:\Users\Mrunmai\AppData\Local\Temp\243f8a84-989a-45f4-8e82-8ad1ad426406.tmp: [Errno 13] Permission denied: 'C:\\Users\\Mrunmai\\AppData\\Local\\Temp\\243f8a84-989a-45f4-8e82-8ad1ad426406.tmp'
2024-10-17 21:27:21,221:ERROR:Error accessing C:\Users\Mrunmai\AppData\Local\Temp\32fb12d5-4d6b-4df2-b385-e442a8fe9a30.tmp: [Errno 13] Permission denied: 'C:\\Users\\Mrunmai\\AppData\\Local\\Temp\\32fb12d5-4d6b-4df2-b385-e442a8fe9a30.tmp'
2024-10-17 21:27:21,221:ERROR:Error accessing C:\Users\Mrunmai\AppData\Local\Temp\32fb12d5-4d6b-4df2-b385-e442a8fe9a30.tmp: [Errno 13] Permission denied: 'C:\\Users\\Mrunmai\\AppData\\Local\\Temp\\32fb12d5-4d6b-4df2-b385-e442a8fe9a30.tmp'
2024-10-17 21:27:21,223:ERROR:Error accessing C:\Users\Mrunmai\AppData\Local\Temp\32fb12d5-4d6b-4df2-b385-e442a8fe9a30.tmp: [Errno 13] Permission denied: 'C:\\Users\\Mrunmai\\AppData\\Local\\Temp\\32fb12d5-4d6b-4df2-b385-e442a8fe9a30.tmp'
2024-10-17 21:27:21,223:ERROR:Error accessing C:\Users\Mrunmai\AppData\Local\Temp\32fb12d5-4d6b-4df2-b385-e442a8fe9a30.tmp: [Errno 13] Permission denied: 'C:\\Users\\Mrunmai\\AppData\\Local\\Temp\\32fb12d5-4d6b-4df2-b385-e442a8fe9a30.tmp'
2024-10-17 21:27:21,224:ERROR:Error accessing C:\Users\Mrunmai\AppData\Local\Temp\32fb12d5-4d6b-4df2-b385-e442a8fe9a30.tmp: [Errno 13] Permission denied: 'C:\\Users\\Mrunmai\\AppData\\Local\\Temp\\32fb12d5-4d6b-4df2-b385-e442a8fe9a30.tmp'
2024-10-17 21:27:21,224:ERROR:Error accessing C:\Users\Mrunmai\AppData\Local\Temp\32fb12d5-4d6b-4df2-b385-e442a8fe9a30.tmp: [Errno 13] Permission denied: 'C:\\Users\\Mrunmai\\AppData\\Local\\Temp\\32fb12d5-4d6b-4df2-b385-e442a8fe9a30.tmp'
2024-10-17 21:27:21,712:ERROR:Error accessing C:\Users\Mrunmai\AppData\Local\Temp\2be40580-eb79-4cee-aded-ea87d79f753f.tmp: [Errno 13] Permission denied: 'C:\\Users\\Mrunmai\\AppData\\Local\\Temp\\2be40580-eb79-4cee-aded-ea87d79f753f.tmp'
2024-10-17 21:27:21,712:ERROR:Error accessing C:\Users\Mrunmai\AppData\Local\Temp\2be40580-eb79-4cee-aded-ea87d79f753f.tmp: [Errno 13] Permission denied: 'C:\\Users\\Mrunmai\\AppData\\Local\\Temp\\2be40580-eb79-4cee-aded-ea87d79f753f.tmp'
2024-10-17 21:27:21,713:ERROR:Error accessing C:\Users\Mrunmai\AppData\Local\Temp\2be40580-eb79-4cee-aded-ea87d79f753f.tmp: [Errno 13] Permission denied: 'C:\\Users\\Mrunmai\\AppData\\Local\\Temp\\2be40580-eb79-4cee-aded-ea87d79f753f.tmp'
2024-10-17 21:27:21,713:ERROR:Error accessing C:\Users\Mrunmai\AppData\Local\Temp\2be40580-eb79-4cee-aded-ea87d79f753f.tmp: [Errno 13] Permission denied: 'C:\\Users\\Mrunmai\\AppData\\Local\\Temp\\2be40580-eb79-4cee-aded-ea87d79f753f.tmp'
2024-10-17 21:27:21,716:ERROR:Error accessing C:\Users\Mrunmai\AppData\Local\Temp\2be40580-eb79-4cee-aded-ea87d79f753f.tmp: [Errno 13] Permission denied: 'C:\\Users\\Mrunmai\\AppData\\Local\\Temp\\2be40580-eb79-4cee-aded-ea87d79f753f.tmp'
2024-10-17 21:27:21,716:ERROR:Error accessing C:\Users\Mrunmai\AppData\Local\Temp\2be40580-eb79-4cee-aded-ea87d79f753f.tmp: [Errno 13] Permission denied: 'C:\\Users\\Mrunmai\\AppData\\Local\\Temp\\2be40580-eb79-4cee-aded-ea87d79f753f.tmp'
2024-10-17 21:27:21,795:ERROR:Error accessing C:\Users\Mrunmai\AppData\Local\Temp\a4d5c724-4cc7-484b-8947-4e7535bff4fa.tmp: [Errno 13] Permission denied: 'C:\\Users\\Mrunmai\\AppData\\Local\\Temp\\a4d5c724-4cc7-484b-8947-4e7535bff4fa.tmp'
2024-10-17 21:27:21,796:ERROR:Error accessing C:\Users\Mrunmai\AppData\Local\Temp\a4d5c724-4cc7-484b-8947-4e7535bff4fa.tmp: [Errno 13] Permission denied: 'C:\\Users\\Mrunmai\\AppData\\Local\\Temp\\a4d5c724-4cc7-484b-8947-4e7535bff4fa.tmp'
2024-10-17 21:27:21,796:ERROR:Error accessing C:\Users\Mrunmai\AppData\Local\Temp\a4d5c724-4cc7-484b-8947-4e7535bff4fa.tmp: [Errno 13] Permission denied: 'C:\\Users\\Mrunmai\\AppData\\Local\\Temp\\a4d5c724-4cc7-484b-8947-4e7535bff4fa.tmp'
2024-10-17 21:27:21,798:ERROR:Error accessing C:\Users\Mrunmai\AppData\Local\Temp\a4d5c724-4cc7-484b-8947-4e7535bff4fa.tmp: [Errno 13] Permission denied: 'C:\\Users\\Mrunmai\\AppData\\Local\\Temp\\a4d5c724-4cc7-484b-8947-4e7535bff4fa.tmp'
2024-10-17 21:27:21,798:ERROR:Error accessing C:\Users\Mrunmai\AppData\Local\Temp\a4d5c724-4cc7-484b-8947-4e7535bff4fa.tmp: [Errno 13] Permission denied: 'C:\\Users\\Mrunmai\\AppData\\Local\\Temp\\a4d5c724-4cc7-484b-8947-4e7535bff4fa.tmp'
2024-10-17 21:27:29,502:ERROR:Error accessing C:\Windows\prefetch\SMARTSCREEN.EXE-EACC1250.pf: [Errno 13] Permission denied: 'C:\\Windows\\prefetch\\SMARTSCREEN.EXE-EACC1250.pf'
2024-10-17 21:27:29,502:ERROR:Error accessing C:\Windows\prefetch\SMARTSCREEN.EXE-EACC1250.pf: [Errno 13] Permission denied: 'C:\\Windows\\prefetch\\SMARTSCREEN.EXE-EACC1250.pf'
2024-10-17 21:27:29,503:ERROR:Error accessing C:\Windows\prefetch\SMARTSCREEN.EXE-EACC1250.pf: [Errno 13] Permission denied: 'C:\\Windows\\prefetch\\SMARTSCREEN.EXE-EACC1250.pf'
2024-10-17 21:27:29,503:ERROR:Error accessing C:\Windows\prefetch\SMARTSCREEN.EXE-EACC1250.pf: [Errno 13] Permission denied: 'C:\\Windows\\prefetch\\SMARTSCREEN.EXE-EACC1250.pf'
2024-10-17 21:27:38,314:ERROR:Error accessing C:\ProgramData\Microsoft\Windows Defender\Support\MPLog-20240916-133109.log: [Errno 13] Permission denied: 'C:\\ProgramData\\Microsoft\\Windows Defender\\Support\\MPLog-20240916-133109.log'
2024-10-17 21:28:31,083:ERROR:Error accessing C:\Windows\prefetch\TEST15.EXE-FB4F00D2.pf: [Errno 13] Permission denied: 'C:\\Windows\\prefetch\\TEST15.EXE-FB4F00D2.pf'
2024-10-17 21:28:31,084:ERROR:Error accessing C:\Windows\prefetch\TEST15.EXE-FB4F00D2.pf: [Errno 13] Permission denied: 'C:\\Windows\\prefetch\\TEST15.EXE-FB4F00D2.pf'
2024-10-17 21:28:31,760:ERROR:Error accessing C:\Windows\prefetch\TEST15.EXE-FB4F00D2.pf: [Errno 13] Permission denied: 'C:\\Windows\\prefetch\\TEST15.EXE-FB4F00D2.pf'
2024-10-17 21:28:31,761:ERROR:Error accessing C:\Windows\prefetch\TEST15.EXE-FB4F00D2.pf: [Errno 13] Permission denied: 'C:\\Windows\\prefetch\\TEST15.EXE-FB4F00D2.pf'
2024-10-17 21:28:32,591:ERROR:Error accessing C:\Users\Mrunmai\AppData\Local\Spotify\Default\Network\50fdada2-d51d-4729-ad6c-2383e55dfb04.tmp: [Errno 13] Permission denied: 'C:\\Users\\Mrunmai\\AppData\\Local\\Spotify\\Default\\Network\\50fdada2-d51d-4729-ad6c-2383e55dfb04.tmp'
2024-10-17 21:28:32,592:ERROR:Error accessing C:\Users\Mrunmai\AppData\Local\Spotify\Default\Network\50fdada2-d51d-4729-ad6c-2383e55dfb04.tmp: [Errno 13] Permission denied: 'C:\\Users\\Mrunmai\\AppData\\Local\\Spotify\\Default\\Network\\50fdada2-d51d-4729-ad6c-2383e55dfb04.tmp'
2024-10-17 21:28:32,598:ERROR:Error accessing C:\Users\Mrunmai\AppData\Local\Spotify\Default\Network\50fdada2-d51d-4729-ad6c-2383e55dfb04.tmp: [Errno 13] Permission denied: 'C:\\Users\\Mrunmai\\AppData\\Local\\Spotify\\Default\\Network\\50fdada2-d51d-4729-ad6c-2383e55dfb04.tmp'
2024-10-17 21:28:32,598:ERROR:Error accessing C:\Users\Mrunmai\AppData\Local\Spotify\Default\Network\TransportSecurity: [Errno 2] No such file or directory: 'C:\\Users\\Mrunmai\\AppData\\Local\\Spotify\\Default\\Network\\TransportSecurity'
2024-10-17 21:28:32,598:ERROR:Error accessing C:\Users\Mrunmai\AppData\Local\Spotify\Default\Network\50fdada2-d51d-4729-ad6c-2383e55dfb04.tmp: [Errno 2] No such file or directory: 'C:\\Users\\Mrunmai\\AppData\\Local\\Spotify\\Default\\Network\\50fdada2-d51d-4729-ad6c-2383e55dfb04.tmp'
2024-10-18 18:53:43,765:ERROR:Error accessing C:\Users\Mrunmai\AppData\Local\Spotify\Users\2vnidc2btmkoxda4hz867he93-user\offline2.tmp: [Errno 13] Permission denied: 'C:\\Users\\Mrunmai\\AppData\\Local\\Spotify\\Users\\2vnidc2btmkoxda4hz867he93-user\\offline2.tmp'
2024-10-18 18:53:43,770:ERROR:Error accessing C:\Users\Mrunmai\AppData\Local\Spotify\Users\2vnidc2btmkoxda4hz867he93-user\offline2.tmp: [Errno 2] No such file or directory: 'C:\\Users\\Mrunmai\\AppData\\Local\\Spotify\\Users\\2vnidc2btmkoxda4hz867he93-user\\offline2.tmp'
2024-10-18 18:53:43,770:ERROR:Error accessing C:\Users\Mrunmai\AppData\Local\Spotify\Users\2vnidc2btmkoxda4hz867he93-user\offline_ep.tmp: [Errno 13] Permission denied: 'C:\\Users\\Mrunmai\\AppData\\Local\\Spotify\\Users\\2vnidc2btmkoxda4hz867he93-user\\offline_ep.tmp'
2024-10-18 18:53:43,773:ERROR:Error accessing C:\Users\Mrunmai\AppData\Local\Spotify\Users\2vnidc2btmkoxda4hz867he93-user\offline_ep.tmp: [Errno 2] No such file or directory: 'C:\\Users\\Mrunmai\\AppData\\Local\\Spotify\\Users\\2vnidc2btmkoxda4hz867he93-user\\offline_ep.tmp'
2024-10-18 18:53:43,774:ERROR:Error accessing C:\Users\Mrunmai\AppData\Local\Spotify\Users\2vnidc2btmkoxda4hz867he93-user\offline_abp.tmp: [Errno 13] Permission denied: 'C:\\Users\\Mrunmai\\AppData\\Local\\Spotify\\Users\\2vnidc2btmkoxda4hz867he93-user\\offline_abp.tmp'
2024-10-18 18:53:43,776:ERROR:Error accessing C:\Users\Mrunmai\AppData\Local\Spotify\Users\2vnidc2btmkoxda4hz867he93-user\offline_abp.tmp: [Errno 2] No such file or directory: 'C:\\Users\\Mrunmai\\AppData\\Local\\Spotify\\Users\\2vnidc2btmkoxda4hz867he93-user\\offline_abp.tmp'
2024-10-18 18:53:43,776:ERROR:Error accessing C:\Users\Mrunmai\AppData\Local\Spotify\Users\2vnidc2btmkoxda4hz867he93-user\offline_lists.bnk.tmp: [Errno 13] Permission denied: 'C:\\Users\\Mrunmai\\AppData\\Local\\Spotify\\Users\\2vnidc2btmkoxda4hz867he93-user\\offline_lists.bnk.tmp'
2024-10-18 18:53:43,780:ERROR:Error accessing C:\Users\Mrunmai\AppData\Local\Spotify\Users\2vnidc2btmkoxda4hz867he93-user\offline_lists.bnk.tmp: [Errno 2] No such file or directory: 'C:\\Users\\Mrunmai\\AppData\\Local\\Spotify\\Users\\2vnidc2btmkoxda4hz867he93-user\\offline_lists.bnk.tmp'
2024-10-18 18:53:46,294:ERROR:Error accessing C:\Windows\prefetch\TEST15.EXE-FB4F00D2.pf: [Errno 13] Permission denied: 'C:\\Windows\\prefetch\\TEST15.EXE-FB4F00D2.pf'
2024-10-18 18:53:47,037:ERROR:Error accessing C:\Windows\prefetch\CHECKFINAL.EXE-5450B4D4.pf: [Errno 13] Permission denied: 'C:\\Windows\\prefetch\\CHECKFINAL.EXE-5450B4D4.pf'
2024-10-18 18:53:47,043:ERROR:Error accessing C:\Windows\prefetch\CHECKFINAL.EXE-5450B4D4.pf: [Errno 13] Permission denied: 'C:\\Windows\\prefetch\\CHECKFINAL.EXE-5450B4D4.pf'
2024-10-18 18:53:47,710:ERROR:Error accessing C:\Windows\prefetch\TEST15.EXE-FB4F00D2.pf: [Errno 13] Permission denied: 'C:\\Windows\\prefetch\\TEST15.EXE-FB4F00D2.pf'
2024-10-18 18:53:48,059:ERROR:Error accessing C:\Windows\prefetch\CHECKFINAL.EXE-5450B4D4.pf: [Errno 13] Permission denied: 'C:\\Windows\\prefetch\\CHECKFINAL.EXE-5450B4D4.pf'
2024-10-18 18:53:48,061:ERROR:Error accessing C:\Windows\prefetch\CHECKFINAL.EXE-5450B4D4.pf: [Errno 13] Permission denied: 'C:\\Windows\\prefetch\\CHECKFINAL.EXE-5450B4D4.pf'
2024-10-18 18:53:48,061:ERROR:Error accessing C:\Windows\prefetch\OPENCONSOLE.EXE-A617E510.pf: [Errno 13] Permission denied: 'C:\\Windows\\prefetch\\OPENCONSOLE.EXE-A617E510.pf'
2024-10-18 18:53:48,061:ERROR:Error accessing C:\Windows\prefetch\OPENCONSOLE.EXE-A617E510.pf: [Errno 13] Permission denied: 'C:\\Windows\\prefetch\\OPENCONSOLE.EXE-A617E510.pf'
2024-10-18 18:53:49,492:ERROR:Error accessing C:\Users\Mrunmai\AppData\Local\Microsoft\Edge\User Data\c5c4d339-6d34-4bec-90ff-1833c2126df0.tmp: [Errno 13] Permission denied: 'C:\\Users\\Mrunmai\\AppData\\Local\\Microsoft\\Edge\\User Data\\c5c4d339-6d34-4bec-90ff-1833c2126df0.tmp'
2024-10-18 18:53:49,492:ERROR:Error accessing C:\Users\Mrunmai\AppData\Local\Microsoft\Edge\User Data\c5c4d339-6d34-4bec-90ff-1833c2126df0.tmp: [Errno 13] Permission denied: 'C:\\Users\\Mrunmai\\AppData\\Local\\Microsoft\\Edge\\User Data\\c5c4d339-6d34-4bec-90ff-1833c2126df0.tmp'
2024-10-18 18:53:49,492:ERROR:Error accessing C:\Users\Mrunmai\AppData\Local\Microsoft\Edge\User Data\c5c4d339-6d34-4bec-90ff-1833c2126df0.tmp: [Errno 13] Permission denied: 'C:\\Users\\Mrunmai\\AppData\\Local\\Microsoft\\Edge\\User Data\\c5c4d339-6d34-4bec-90ff-1833c2126df0.tmp'
2024-10-18 18:53:49,492:ERROR:Error accessing C:\Users\Mrunmai\AppData\Local\Microsoft\Edge\User Data\c5c4d339-6d34-4bec-90ff-1833c2126df0.tmp: [Errno 13] Permission denied: 'C:\\Users\\Mrunmai\\AppData\\Local\\Microsoft\\Edge\\User Data\\c5c4d339-6d34-4bec-90ff-1833c2126df0.tmp'
2024-10-18 18:53:49,620:ERROR:Error accessing C:\Users\Mrunmai\AppData\Local\Microsoft\Edge\User Data\c5c4d339-6d34-4bec-90ff-1833c2126df0.tmp: [Errno 2] No such file or directory: 'C:\\Users\\Mrunmai\\AppData\\Local\\Microsoft\\Edge\\User Data\\c5c4d339-6d34-4bec-90ff-1833c2126df0.tmp'
2024-10-18 18:53:49,620:ERROR:Error accessing C:\Users\Mrunmai\AppData\Local\Microsoft\Edge\User Data\Local State~RF23a2e7fd.TMP: [Errno 2] No such file or directory: 'C:\\Users\\Mrunmai\\AppData\\Local\\Microsoft\\Edge\\User Data\\Local State~RF23a2e7fd.TMP'
2024-10-18 18:53:49,626:ERROR:Error accessing C:\Users\Mrunmai\AppData\Local\Microsoft\Edge\User Data\c5c4d339-6d34-4bec-90ff-1833c2126df0.tmp: [Errno 2] No such file or directory: 'C:\\Users\\Mrunmai\\AppData\\Local\\Microsoft\\Edge\\User Data\\c5c4d339-6d34-4bec-90ff-1833c2126df0.tmp'
2024-10-18 18:53:52,787:ERROR:Error accessing C:\Windows\prefetch\SVCHOST.EXE-F952D9A9.pf: [Errno 13] Permission denied: 'C:\\Windows\\prefetch\\SVCHOST.EXE-F952D9A9.pf'
2024-10-18 18:53:53,513:ERROR:Error accessing C:\Users\Mrunmai\AppData\Local\Microsoft\Credentials\EE31FE666C1A56B044898DF092D8F166: [Errno 13] Permission denied: 'C:\\Users\\Mrunmai\\AppData\\Local\\Microsoft\\Credentials\\EE31FE666C1A56B044898DF092D8F166'
2024-10-18 18:53:53,607:ERROR:Error accessing C:\Users\Mrunmai\AppData\Local\Microsoft\Credentials\EE31FE666C1A56B044898DF092D8F166: [Errno 13] Permission denied: 'C:\\Users\\Mrunmai\\AppData\\Local\\Microsoft\\Credentials\\EE31FE666C1A56B044898DF092D8F166'
2024-10-18 18:53:54,094:ERROR:Error accessing C:\Users\Mrunmai\AppData\Local\Temp\5c17b775-c2d8-4895-8f0c-0938156d332d.tmp: [Errno 13] Permission denied: 'C:\\Users\\Mrunmai\\AppData\\Local\\Temp\\5c17b775-c2d8-4895-8f0c-0938156d332d.tmp'
2024-10-18 18:53:54,095:ERROR:Error accessing C:\Users\Mrunmai\AppData\Local\Temp\5c17b775-c2d8-4895-8f0c-0938156d332d.tmp: [Errno 13] Permission denied: 'C:\\Users\\Mrunmai\\AppData\\Local\\Temp\\5c17b775-c2d8-4895-8f0c-0938156d332d.tmp'
2024-10-18 18:53:54,096:ERROR:Error accessing C:\Users\Mrunmai\AppData\Local\Temp\5c17b775-c2d8-4895-8f0c-0938156d332d.tmp: [Errno 13] Permission denied: 'C:\\Users\\Mrunmai\\AppData\\Local\\Temp\\5c17b775-c2d8-4895-8f0c-0938156d332d.tmp'
2024-10-18 18:53:56,408:ERROR:Error accessing C:\Windows\prefetch\OPENCONSOLE.EXE-A617E510.pf: [Errno 13] Permission denied: 'C:\\Windows\\prefetch\\OPENCONSOLE.EXE-A617E510.pf'
2024-10-18 18:53:56,409:ERROR:Error accessing C:\Windows\prefetch\OPENCONSOLE.EXE-A617E510.pf: [Errno 13] Permission denied: 'C:\\Windows\\prefetch\\OPENCONSOLE.EXE-A617E510.pf'
2024-10-18 18:53:57,611:ERROR:Error accessing C:\Windows\prefetch\TEST15.EXE-FB4F00D2.pf: [Errno 13] Permission denied: 'C:\\Windows\\prefetch\\TEST15.EXE-FB4F00D2.pf'
2024-10-18 18:53:57,612:ERROR:Error accessing C:\Windows\prefetch\TEST15.EXE-FB4F00D2.pf: [Errno 13] Permission denied: 'C:\\Windows\\prefetch\\TEST15.EXE-FB4F00D2.pf'
2024-10-18 18:53:59,503:ERROR:Error accessing C:\Users\Mrunmai\AppData\Local\Microsoft\Edge\User Data\75d97e04-481d-41bd-be1a-fe21d8afee15.tmp: [Errno 13] Permission denied: 'C:\\Users\\Mrunmai\\AppData\\Local\\Microsoft\\Edge\\User Data\\75d97e04-481d-41bd-be1a-fe21d8afee15.tmp'
2024-10-18 18:53:59,505:ERROR:Error accessing C:\Users\Mrunmai\AppData\Local\Microsoft\Edge\User Data\75d97e04-481d-41bd-be1a-fe21d8afee15.tmp: [Errno 13] Permission denied: 'C:\\Users\\Mrunmai\\AppData\\Local\\Microsoft\\Edge\\User Data\\75d97e04-481d-41bd-be1a-fe21d8afee15.tmp'
2024-10-18 18:53:59,506:ERROR:Error accessing C:\Users\Mrunmai\AppData\Local\Microsoft\Edge\User Data\75d97e04-481d-41bd-be1a-fe21d8afee15.tmp: [Errno 13] Permission denied: 'C:\\Users\\Mrunmai\\AppData\\Local\\Microsoft\\Edge\\User Data\\75d97e04-481d-41bd-be1a-fe21d8afee15.tmp'
2024-10-18 18:53:59,507:ERROR:Error accessing C:\Users\Mrunmai\AppData\Local\Microsoft\Edge\User Data\Local State: [Errno 2] No such file or directory: 'C:\\Users\\Mrunmai\\AppData\\Local\\Microsoft\\Edge\\User Data\\Local State'
2024-10-18 18:53:59,508:ERROR:Error accessing C:\Users\Mrunmai\AppData\Local\Microsoft\Edge\User Data\75d97e04-481d-41bd-be1a-fe21d8afee15.tmp: [Errno 2] No such file or directory: 'C:\\Users\\Mrunmai\\AppData\\Local\\Microsoft\\Edge\\User Data\\75d97e04-481d-41bd-be1a-fe21d8afee15.tmp'
2024-10-18 18:53:59,508:ERROR:Error accessing C:\Users\Mrunmai\AppData\Local\Microsoft\Edge\User Data\Local State~RF23a30eaf.TMP: [Errno 2] No such file or directory: 'C:\\Users\\Mrunmai\\AppData\\Local\\Microsoft\\Edge\\User Data\\Local State~RF23a30eaf.TMP'
2024-10-18 18:54:02,880:ERROR:Error accessing C:\Windows\prefetch\SVCHOST.EXE-F952D9A9.pf: [Errno 13] Permission denied: 'C:\\Windows\\prefetch\\SVCHOST.EXE-F952D9A9.pf'
2024-10-18 18:54:02,880:ERROR:Error accessing C:\Windows\prefetch\SVCHOST.EXE-F952D9A9.pf: [Errno 13] Permission denied: 'C:\\Windows\\prefetch\\SVCHOST.EXE-F952D9A9.pf'
2024-10-18 18:54:09,440:ERROR:Error accessing C:\Windows\prefetch\CHROME.EXE-AED7BA4A.pf: [Errno 13] Permission denied: 'C:\\Windows\\prefetch\\CHROME.EXE-AED7BA4A.pf'
2024-10-18 18:54:09,440:ERROR:Error accessing C:\Windows\prefetch\CHROME.EXE-AED7BA4A.pf: [Errno 13] Permission denied: 'C:\\Windows\\prefetch\\CHROME.EXE-AED7BA4A.pf'
2024-10-18 18:54:10,833:ERROR:Error accessing C:\Windows\prefetch\PREVHOST.EXE-7DD93B84.pf: [Errno 13] Permission denied: 'C:\\Windows\\prefetch\\PREVHOST.EXE-7DD93B84.pf'
2024-10-18 18:54:12,953:ERROR:Error accessing C:\Users\Mrunmai\AppData\Local\Temp\04b14125-ac7f-42e8-babf-c5a85f070dbf.tmp: [Errno 13] Permission denied: 'C:\\Users\\Mrunmai\\AppData\\Local\\Temp\\04b14125-ac7f-42e8-babf-c5a85f070dbf.tmp'
2024-10-18 18:54:12,953:ERROR:Error accessing C:\Users\Mrunmai\AppData\Local\Temp\04b14125-ac7f-42e8-babf-c5a85f070dbf.tmp: [Errno 13] Permission denied: 'C:\\Users\\Mrunmai\\AppData\\Local\\Temp\\04b14125-ac7f-42e8-babf-c5a85f070dbf.tmp'
2024-10-18 18:54:12,953:ERROR:Error accessing C:\Users\Mrunmai\AppData\Local\Microsoft\Edge\User Data\Default\Service Worker\CacheStorage\3cedfb74d44f2e84198d23075aef16c34a668ceb\805063d0-8897-4538-8950-72f5961e15b4\index-dir\todelete_fe6f641d5a673830: [Errno 2] No such file or directory: 'C:\\Users\\Mrunmai\\AppData\\Local\\Microsoft\\Edge\\User Data\\Default\\Service Worker\\CacheStorage\\3cedfb74d44f2e84198d23075aef16c34a668ceb\\805063d0-8897-4538-8950-72f5961e15b4\\index-dir\\todelete_fe6f641d5a673830'
2024-10-18 18:54:12,953:ERROR:Error accessing C:\Users\Mrunmai\AppData\Local\Microsoft\Edge\User Data\Default\Service Worker\CacheStorage\3cedfb74d44f2e84198d23075aef16c34a668ceb\805063d0-8897-4538-8950-72f5961e15b4\index-dir\temp-index: [Errno 2] No such file or directory: 'C:\\Users\\Mrunmai\\AppData\\Local\\Microsoft\\Edge\\User Data\\Default\\Service Worker\\CacheStorage\\3cedfb74d44f2e84198d23075aef16c34a668ceb\\805063d0-8897-4538-8950-72f5961e15b4\\index-dir\\temp-index'
2024-10-18 18:54:12,953:ERROR:Error accessing C:\Users\Mrunmai\AppData\Local\Microsoft\Edge\User Data\Default\Service Worker\CacheStorage\3cedfb74d44f2e84198d23075aef16c34a668ceb\805063d0-8897-4538-8950-72f5961e15b4\index-dir\temp-index: [Errno 2] No such file or directory: 'C:\\Users\\Mrunmai\\AppData\\Local\\Microsoft\\Edge\\User Data\\Default\\Service Worker\\CacheStorage\\3cedfb74d44f2e84198d23075aef16c34a668ceb\\805063d0-8897-4538-8950-72f5961e15b4\\index-dir\\temp-index'
2024-10-18 18:54:12,953:ERROR:Error accessing C:\Users\Mrunmai\AppData\Local\Microsoft\Edge\User Data\Default\Service Worker\CacheStorage\3cedfb74d44f2e84198d23075aef16c34a668ceb\805063d0-8897-4538-8950-72f5961e15b4\index-dir\temp-index: [Errno 2] No such file or directory: 'C:\\Users\\Mrunmai\\AppData\\Local\\Microsoft\\Edge\\User Data\\Default\\Service Worker\\CacheStorage\\3cedfb74d44f2e84198d23075aef16c34a668ceb\\805063d0-8897-4538-8950-72f5961e15b4\\index-dir\\temp-index'
2024-10-18 18:54:13,286:ERROR:Error accessing C:\Users\Mrunmai\AppData\Local\Microsoft\Edge\User Data\Default\IndexedDB\https_ntp.msn.com_0.indexeddb.leveldb\LOG.old~RF23a3408d.TMP: [Errno 2] No such file or directory: 'C:\\Users\\Mrunmai\\AppData\\Local\\Microsoft\\Edge\\User Data\\Default\\IndexedDB\\https_ntp.msn.com_0.indexeddb.leveldb\\LOG.old~RF23a3408d.TMP'
2024-10-18 18:54:13,303:ERROR:Error accessing C:\Users\Mrunmai\AppData\Local\Microsoft\Edge\User Data\Default\Network\32d9a8e8-a587-40d6-a74f-4ab2048bfabd.tmp: [Errno 2] No such file or directory: 'C:\\Users\\Mrunmai\\AppData\\Local\\Microsoft\\Edge\\User Data\\Default\\Network\\32d9a8e8-a587-40d6-a74f-4ab2048bfabd.tmp'
2024-10-18 18:54:13,303:ERROR:Error accessing C:\Users\Mrunmai\AppData\Local\Microsoft\Edge\User Data\Default\Network\32d9a8e8-a587-40d6-a74f-4ab2048bfabd.tmp: [Errno 2] No such file or directory: 'C:\\Users\\Mrunmai\\AppData\\Local\\Microsoft\\Edge\\User Data\\Default\\Network\\32d9a8e8-a587-40d6-a74f-4ab2048bfabd.tmp'
2024-10-18 18:54:13,303:ERROR:Error accessing C:\Users\Mrunmai\AppData\Local\Microsoft\Edge\User Data\Default\Network\Network Persistent State~RF23a34187.TMP: [Errno 2] No such file or directory: 'C:\\Users\\Mrunmai\\AppData\\Local\\Microsoft\\Edge\\User Data\\Default\\Network\\Network Persistent State~RF23a34187.TMP'
2024-10-18 18:54:13,323:ERROR:Error accessing C:\Users\Mrunmai\AppData\Local\Microsoft\Edge\User Data\Default\Network\32d9a8e8-a587-40d6-a74f-4ab2048bfabd.tmp: [Errno 2] No such file or directory: 'C:\\Users\\Mrunmai\\AppData\\Local\\Microsoft\\Edge\\User Data\\Default\\Network\\32d9a8e8-a587-40d6-a74f-4ab2048bfabd.tmp'
2024-10-18 18:54:13,323:ERROR:Error accessing C:\Users\Mrunmai\AppData\Local\Microsoft\Edge\User Data\Default\Service Worker\CacheStorage\3cedfb74d44f2e84198d23075aef16c34a668ceb\ee88f470-22f1-48e9-a0b1-f34c6575b7ec\index-dir\todelete_25dc72e7a8d6928c: [Errno 2] No such file or directory: 'C:\\Users\\Mrunmai\\AppData\\Local\\Microsoft\\Edge\\User Data\\Default\\Service Worker\\CacheStorage\\3cedfb74d44f2e84198d23075aef16c34a668ceb\\ee88f470-22f1-48e9-a0b1-f34c6575b7ec\\index-dir\\todelete_25dc72e7a8d6928c'
2024-10-18 18:54:13,323:ERROR:Error accessing C:\Users\Mrunmai\AppData\Local\Microsoft\Edge\User Data\Default\Service Worker\CacheStorage\3cedfb74d44f2e84198d23075aef16c34a668ceb\ee88f470-22f1-48e9-a0b1-f34c6575b7ec\index-dir\temp-index: [Errno 2] No such file or directory: 'C:\\Users\\Mrunmai\\AppData\\Local\\Microsoft\\Edge\\User Data\\Default\\Service Worker\\CacheStorage\\3cedfb74d44f2e84198d23075aef16c34a668ceb\\ee88f470-22f1-48e9-a0b1-f34c6575b7ec\\index-dir\\temp-index'
2024-10-18 18:54:13,323:ERROR:Error accessing C:\Users\Mrunmai\AppData\Local\Microsoft\Edge\User Data\Default\Service Worker\CacheStorage\3cedfb74d44f2e84198d23075aef16c34a668ceb\ee88f470-22f1-48e9-a0b1-f34c6575b7ec\index-dir\temp-index: [Errno 2] No such file or directory: 'C:\\Users\\Mrunmai\\AppData\\Local\\Microsoft\\Edge\\User Data\\Default\\Service Worker\\CacheStorage\\3cedfb74d44f2e84198d23075aef16c34a668ceb\\ee88f470-22f1-48e9-a0b1-f34c6575b7ec\\index-dir\\temp-index'
2024-10-18 18:54:13,323:ERROR:Error accessing C:\Users\Mrunmai\AppData\Local\Microsoft\Edge\User Data\Default\Service Worker\CacheStorage\3cedfb74d44f2e84198d23075aef16c34a668ceb\ee88f470-22f1-48e9-a0b1-f34c6575b7ec\index-dir\temp-index: [Errno 2] No such file or directory: 'C:\\Users\\Mrunmai\\AppData\\Local\\Microsoft\\Edge\\User Data\\Default\\Service Worker\\CacheStorage\\3cedfb74d44f2e84198d23075aef16c34a668ceb\\ee88f470-22f1-48e9-a0b1-f34c6575b7ec\\index-dir\\temp-index'
2024-10-18 18:54:14,534:ERROR:Error accessing C:\Users\Mrunmai\AppData\Local\Microsoft\Edge\User Data\Default\Cache\Cache_Data\f_001918: [Errno 13] Permission denied: 'C:\\Users\\Mrunmai\\AppData\\Local\\Microsoft\\Edge\\User Data\\Default\\Cache\\Cache_Data\\f_001918'
2024-10-18 18:54:14,618:ERROR:Error accessing C:\Users\Mrunmai\AppData\Local\Microsoft\Edge\User Data\Default\Cache\Cache_Data\f_001919: [Errno 13] Permission denied: 'C:\\Users\\Mrunmai\\AppData\\Local\\Microsoft\\Edge\\User Data\\Default\\Cache\\Cache_Data\\f_001919'
2024-10-18 18:54:14,635:ERROR:Error accessing C:\Users\Mrunmai\AppData\Local\Microsoft\Edge\User Data\Default\Cache\Cache_Data\f_00191a: [Errno 13] Permission denied: 'C:\\Users\\Mrunmai\\AppData\\Local\\Microsoft\\Edge\\User Data\\Default\\Cache\\Cache_Data\\f_00191a'
2024-10-18 18:54:14,686:ERROR:Error accessing C:\Users\Mrunmai\AppData\Local\Microsoft\Edge\User Data\Default\Cache\Cache_Data\f_00191b: [Errno 13] Permission denied: 'C:\\Users\\Mrunmai\\AppData\\Local\\Microsoft\\Edge\\User Data\\Default\\Cache\\Cache_Data\\f_00191b'
2024-10-18 18:54:14,702:ERROR:Error accessing C:\Users\Mrunmai\AppData\Local\Microsoft\Edge\User Data\Default\Cache\Cache_Data\f_00191c: [Errno 13] Permission denied: 'C:\\Users\\Mrunmai\\AppData\\Local\\Microsoft\\Edge\\User Data\\Default\\Cache\\Cache_Data\\f_00191c'
2024-10-18 18:54:16,651:ERROR:Error accessing C:\Users\Mrunmai\AppData\Local\Microsoft\Edge\User Data\Default\Cache\Cache_Data\f_00191d: [Errno 13] Permission denied: 'C:\\Users\\Mrunmai\\AppData\\Local\\Microsoft\\Edge\\User Data\\Default\\Cache\\Cache_Data\\f_00191d'
